<?xml version="1.0" encoding="UTF-8"?>
<testsuites name="Olay" time="78.441" tests="4" failures="0" errors="0">
   <testsuite name="Olay" tests="4" failures="0" errors="0" time="78.441" skipped="0" timestamp="2021-12-14 17:45:42" hostname="knoldus - knoldus-Latitude-3520" id="Test Suites/Microsite/Olay">
      <properties>
         <property name="deviceName" value=""/>
         <property name="devicePlatform" value=""/>
         <property name="logFolder" value="/home/knoldus/Katalon Studio/Learn1/Reports/20211214_174532/Microsite/Olay/20211214_174532"/>
         <property name="logFiles" value="/home/knoldus/Katalon Studio/Learn1/Reports/20211214_174532/Microsite/Olay/20211214_174532/execution0.log"/>
         <property name="attachments" value=""/>
         <property name="hostName" value="knoldus - knoldus-Latitude-3520"/>
         <property name="os" value="Linux 64bit"/>
         <property name="katalonVersion" value="8.2.0.208"/>
         <property name="browser" value="Chrome 95.0.4638.69"/>
         <property name="hostAddress" value="127.0.1.1"/>
         <property name="sessionId" value="cf985a9995b8d20200297ad344ae2591"/>
         <property name="seleniumVersion" value="3.141.59"/>
         <property name="proxyInformation" value="ProxyInformation { proxyOption=NO_PROXY, proxyServerType=HTTP, username=, password=********, proxyServerAddress=, proxyServerPort=0, executionList=&quot;&quot;, isApplyToDesiredCapabilities=true }"/>
         <property name="platform" value="Linux"/>
      </properties>
      <testcase name="Test Cases/microsites/Tc1-Login" time="24.049" classname="Test Cases/microsites/Tc1-Login" status="PASSED">
         <system-out><![CDATA[2021-12-14 17:45:43 - [TEST_CASE][PASSED] - Test Cases/microsites/Tc1-Login: Test Cases/microsites/Tc1-Login

2021-12-14 17:45:43 - [TEST_STEP][PASSED] - openBrowser(""): Browser is opened with url: ''

2021-12-14 17:45:43 - [MESSAGE][INFO] - Starting 'Chrome' driver

2021-12-14 17:45:43 - [MESSAGE][INFO] - Action delay is set to 0 milliseconds

2021-12-14 17:45:44 - [MESSAGE][PASSED] - Browser is opened with url: ''

2021-12-14 17:45:44 - [TEST_STEP][PASSED] - navigateToUrl(Url): Navigate to 'https://olaygift.com/login' successfully

2021-12-14 17:46:05 - [MESSAGE][PASSED] - Navigate to 'https://olaygift.com/login' successfully

2021-12-14 17:46:05 - [TEST_STEP][PASSED] - maximizeWindow(): Current window maximized

2021-12-14 17:46:05 - [MESSAGE][PASSED] - Current window maximized

2021-12-14 17:46:05 - [TEST_STEP][PASSED] - setText(findTestObject("Object Repository/Microsite Prod/Page_Olay Holiday Program/input_WELCOME_mat-input-0"), Username): Text 'Testing123@yopmail.com' is set on object 'Object Repository/Microsite Prod/Page_Olay Holiday Program/input_WELCOME_mat-input-0'

2021-12-14 17:46:06 - [MESSAGE][PASSED] - Text 'Testing123@yopmail.com' is set on object 'Object Repository/Microsite Prod/Page_Olay Holiday Program/input_WELCOME_mat-input-0'

2021-12-14 17:46:06 - [TEST_STEP][PASSED] - setText(findTestObject("Object Repository/Microsite Prod/Page_Olay Holiday Program/input__mat-input-1"), Password): Text 'Test@123' is set on object 'Object Repository/Microsite Prod/Page_Olay Holiday Program/input__mat-input-1'

2021-12-14 17:46:06 - [MESSAGE][PASSED] - Text 'Test@123' is set on object 'Object Repository/Microsite Prod/Page_Olay Holiday Program/input__mat-input-1'

2021-12-14 17:46:06 - [TEST_STEP][PASSED] - click(findTestObject("Object Repository/Microsite Prod/Page_Olay Holiday Program/button_SUBMIT")): Object: 'Object Repository/Microsite Prod/Page_Olay Holiday Program/button_SUBMIT' is clicked on

2021-12-14 17:46:07 - [MESSAGE][PASSED] - Object: 'Object Repository/Microsite Prod/Page_Olay Holiday Program/button_SUBMIT' is clicked on

2021-12-14 17:46:07 - [TEST_STEP][PASSED] - closeBrowser(): Browser is closed

2021-12-14 17:46:07 - [MESSAGE][PASSED] - Browser is closed]]></system-out>
         <system-err><![CDATA[]]></system-err>
      </testcase>
      <testcase name="Test Cases/microsites/Tc2-Reset password" time="15.092" classname="Test Cases/microsites/Tc2-Reset password" status="PASSED">
         <system-out><![CDATA[2021-12-14 17:46:07 - [TEST_CASE][PASSED] - Test Cases/microsites/Tc2-Reset password: Test Cases/microsites/Tc2-Reset password

2021-12-14 17:46:07 - [TEST_STEP][PASSED] - openBrowser(""): Browser is opened with url: ''

2021-12-14 17:46:07 - [MESSAGE][INFO] - Starting 'Chrome' driver

2021-12-14 17:46:07 - [MESSAGE][INFO] - Action delay is set to 0 milliseconds

2021-12-14 17:46:07 - [MESSAGE][PASSED] - Browser is opened with url: ''

2021-12-14 17:46:07 - [TEST_STEP][PASSED] - navigateToUrl(Url): Navigate to 'https://olaygift.com/login' successfully

2021-12-14 17:46:20 - [MESSAGE][PASSED] - Navigate to 'https://olaygift.com/login' successfully

2021-12-14 17:46:20 - [TEST_STEP][PASSED] - click(findTestObject("Object Repository/Microsite Prod/Page_Olay Holiday Program/a_Already registered but forgot your passwo_7296b8")): Object: 'Object Repository/Microsite Prod/Page_Olay Holiday Program/a_Already registered but forgot your passwo_7296b8' is clicked on

2021-12-14 17:46:20 - [MESSAGE][PASSED] - Object: 'Object Repository/Microsite Prod/Page_Olay Holiday Program/a_Already registered but forgot your passwo_7296b8' is clicked on

2021-12-14 17:46:20 - [TEST_STEP][PASSED] - setText(findTestObject("Object Repository/Microsite Prod/Page_Olay Holiday Program/input_Forgot Password_mat-input-2"), Username): Text 'Testing123@yopmail.com' is set on object 'Object Repository/Microsite Prod/Page_Olay Holiday Program/input_Forgot Password_mat-input-2'

2021-12-14 17:46:21 - [MESSAGE][PASSED] - Text 'Testing123@yopmail.com' is set on object 'Object Repository/Microsite Prod/Page_Olay Holiday Program/input_Forgot Password_mat-input-2'

2021-12-14 17:46:21 - [TEST_STEP][PASSED] - click(findTestObject("Object Repository/Microsite Prod/Page_Olay Holiday Program/button_SUBMIT")): Object: 'Object Repository/Microsite Prod/Page_Olay Holiday Program/button_SUBMIT' is clicked on

2021-12-14 17:46:22 - [MESSAGE][PASSED] - Object: 'Object Repository/Microsite Prod/Page_Olay Holiday Program/button_SUBMIT' is clicked on

2021-12-14 17:46:22 - [TEST_STEP][PASSED] - closeBrowser(): Browser is closed

2021-12-14 17:46:22 - [MESSAGE][PASSED] - Browser is closed]]></system-out>
         <system-err><![CDATA[]]></system-err>
      </testcase>
      <testcase name="Test Cases/microsites/Tc4- upload receipt" time="22.512" classname="Test Cases/microsites/Tc4- upload receipt" status="PASSED">
         <system-out><![CDATA[2021-12-14 17:46:22 - [TEST_CASE][PASSED] - Test Cases/microsites/Tc4- upload receipt: Test Cases/microsites/Tc4- upload receipt

2021-12-14 17:46:22 - [TEST_STEP][PASSED] - openBrowser(""): Browser is opened with url: ''

2021-12-14 17:46:22 - [MESSAGE][INFO] - Starting 'Chrome' driver

2021-12-14 17:46:22 - [MESSAGE][INFO] - Action delay is set to 0 milliseconds

2021-12-14 17:46:22 - [MESSAGE][PASSED] - Browser is opened with url: ''

2021-12-14 17:46:22 - [TEST_STEP][PASSED] - navigateToUrl(Url): Navigate to 'https://olaygift.com/login' successfully

2021-12-14 17:46:41 - [MESSAGE][PASSED] - Navigate to 'https://olaygift.com/login' successfully

2021-12-14 17:46:41 - [TEST_STEP][PASSED] - click(findTestObject("Object Repository/Microsite Prod/Page_Olay Holiday Program/div_Email")): Object: 'Object Repository/Microsite Prod/Page_Olay Holiday Program/div_Email' is clicked on

2021-12-14 17:46:41 - [MESSAGE][PASSED] - Object: 'Object Repository/Microsite Prod/Page_Olay Holiday Program/div_Email' is clicked on

2021-12-14 17:46:41 - [TEST_STEP][PASSED] - setText(findTestObject("Object Repository/Microsite Prod/Page_Olay Holiday Program/input_WELCOME_mat-input-0"), Username): Text 'Testing123@yopmail.com' is set on object 'Object Repository/Microsite Prod/Page_Olay Holiday Program/input_WELCOME_mat-input-0'

2021-12-14 17:46:42 - [MESSAGE][PASSED] - Text 'Testing123@yopmail.com' is set on object 'Object Repository/Microsite Prod/Page_Olay Holiday Program/input_WELCOME_mat-input-0'

2021-12-14 17:46:42 - [TEST_STEP][PASSED] - setText(findTestObject("Object Repository/Microsite Prod/Page_Olay Holiday Program/input__mat-input-1"), Password): Text 'Test@123' is set on object 'Object Repository/Microsite Prod/Page_Olay Holiday Program/input__mat-input-1'

2021-12-14 17:46:42 - [MESSAGE][PASSED] - Text 'Test@123' is set on object 'Object Repository/Microsite Prod/Page_Olay Holiday Program/input__mat-input-1'

2021-12-14 17:46:42 - [TEST_STEP][PASSED] - click(findTestObject("Object Repository/Microsite Prod/Page_Olay Holiday Program/button_SUBMIT")): Object: 'Object Repository/Microsite Prod/Page_Olay Holiday Program/button_SUBMIT' is clicked on

2021-12-14 17:46:42 - [MESSAGE][PASSED] - Object: 'Object Repository/Microsite Prod/Page_Olay Holiday Program/button_SUBMIT' is clicked on

2021-12-14 17:46:42 - [TEST_STEP][PASSED] - click(findTestObject("Object Repository/Microsite Prod/Page_Olay Holiday Program/ngx-dropzone-label_Click here to upload rec_7b6b3a")): Object: 'Object Repository/Microsite Prod/Page_Olay Holiday Program/ngx-dropzone-label_Click here to upload rec_7b6b3a' is clicked on

2021-12-14 17:46:44 - [MESSAGE][PASSED] - Object: 'Object Repository/Microsite Prod/Page_Olay Holiday Program/ngx-dropzone-label_Click here to upload rec_7b6b3a' is clicked on

2021-12-14 17:46:44 - [TEST_STEP][PASSED] - click(findTestObject("Object Repository/Microsite Prod/Page_Olay Holiday Program/span_SUBMIT")): Object: 'Object Repository/Microsite Prod/Page_Olay Holiday Program/span_SUBMIT' is clicked on

2021-12-14 17:46:44 - [MESSAGE][PASSED] - Object: 'Object Repository/Microsite Prod/Page_Olay Holiday Program/span_SUBMIT' is clicked on

2021-12-14 17:46:44 - [TEST_STEP][PASSED] - closeBrowser(): Browser is closed

2021-12-14 17:46:44 - [MESSAGE][PASSED] - Browser is closed]]></system-out>
         <system-err><![CDATA[]]></system-err>
      </testcase>
      <testcase name="Test Cases/microsites/Tc6-Support" time="16.589" classname="Test Cases/microsites/Tc6-Support" status="PASSED">
         <system-out><![CDATA[2021-12-14 17:46:44 - [TEST_CASE][PASSED] - Test Cases/microsites/Tc6-Support: Test Cases/microsites/Tc6-Support

2021-12-14 17:46:44 - [TEST_STEP][PASSED] - openBrowser(""): Browser is opened with url: ''

2021-12-14 17:46:44 - [MESSAGE][INFO] - Starting 'Chrome' driver

2021-12-14 17:46:44 - [MESSAGE][INFO] - Action delay is set to 0 milliseconds

2021-12-14 17:46:45 - [MESSAGE][PASSED] - Browser is opened with url: ''

2021-12-14 17:46:45 - [TEST_STEP][PASSED] - navigateToUrl(Url): Navigate to 'https://olaygift.com/login' successfully

2021-12-14 17:46:55 - [MESSAGE][PASSED] - Navigate to 'https://olaygift.com/login' successfully

2021-12-14 17:46:55 - [TEST_STEP][PASSED] - maximizeWindow(): Current window maximized

2021-12-14 17:46:55 - [MESSAGE][PASSED] - Current window maximized

2021-12-14 17:46:55 - [TEST_STEP][PASSED] - setText(findTestObject("Object Repository/Microsite Prod/Page_Olay Holiday Program/input_WELCOME_mat-input-0"), Username): Text 'Testing123@yopmail.com' is set on object 'Object Repository/Microsite Prod/Page_Olay Holiday Program/input_WELCOME_mat-input-0'

2021-12-14 17:46:56 - [MESSAGE][PASSED] - Text 'Testing123@yopmail.com' is set on object 'Object Repository/Microsite Prod/Page_Olay Holiday Program/input_WELCOME_mat-input-0'

2021-12-14 17:46:56 - [TEST_STEP][PASSED] - setText(findTestObject("Object Repository/Microsite Prod/Page_Olay Holiday Program/input__mat-input-1"), Password): Text 'Test@123' is set on object 'Object Repository/Microsite Prod/Page_Olay Holiday Program/input__mat-input-1'

2021-12-14 17:46:56 - [MESSAGE][PASSED] - Text 'Test@123' is set on object 'Object Repository/Microsite Prod/Page_Olay Holiday Program/input__mat-input-1'

2021-12-14 17:46:56 - [TEST_STEP][PASSED] - click(findTestObject("Object Repository/Microsite Prod/Page_Olay Holiday Program/button_SUBMIT")): Object: 'Object Repository/Microsite Prod/Page_Olay Holiday Program/button_SUBMIT' is clicked on

2021-12-14 17:46:57 - [MESSAGE][PASSED] - Object: 'Object Repository/Microsite Prod/Page_Olay Holiday Program/button_SUBMIT' is clicked on

2021-12-14 17:46:57 - [TEST_STEP][PASSED] - click(findTestObject("Object Repository/Microsite Prod/Page_Olay Holiday Program/button_SUPPORT")): Object: 'Object Repository/Microsite Prod/Page_Olay Holiday Program/button_SUPPORT' is clicked on

2021-12-14 17:46:58 - [MESSAGE][PASSED] - Object: 'Object Repository/Microsite Prod/Page_Olay Holiday Program/button_SUPPORT' is clicked on

2021-12-14 17:46:58 - [TEST_STEP][PASSED] - setText(findTestObject("Object Repository/Microsite Prod/Page_Olay Holiday Program/input_Support_mat-input-2"), "Testing"): Text 'Testing' is set on object 'Object Repository/Microsite Prod/Page_Olay Holiday Program/input_Support_mat-input-2'

2021-12-14 17:47:00 - [MESSAGE][PASSED] - Text 'Testing' is set on object 'Object Repository/Microsite Prod/Page_Olay Holiday Program/input_Support_mat-input-2'

2021-12-14 17:47:00 - [TEST_STEP][PASSED] - setText(findTestObject("Object Repository/Microsite Prod/Page_Olay Holiday Program/input__mat-input-3"), "sonia123@yopmail.com"): Text 'sonia123@yopmail.com' is set on object 'Object Repository/Microsite Prod/Page_Olay Holiday Program/input__mat-input-3'

2021-12-14 17:47:00 - [MESSAGE][PASSED] - Text 'sonia123@yopmail.com' is set on object 'Object Repository/Microsite Prod/Page_Olay Holiday Program/input__mat-input-3'

2021-12-14 17:47:00 - [TEST_STEP][PASSED] - setText(findTestObject("Object Repository/Microsite Prod/Page_Olay Holiday Program/textarea__mat-input-4"), "Testing"): Text 'Testing' is set on object 'Object Repository/Microsite Prod/Page_Olay Holiday Program/textarea__mat-input-4'

2021-12-14 17:47:01 - [MESSAGE][PASSED] - Text 'Testing' is set on object 'Object Repository/Microsite Prod/Page_Olay Holiday Program/textarea__mat-input-4'

2021-12-14 17:47:01 - [TEST_STEP][PASSED] - click(findTestObject("Object Repository/Microsite Prod/Page_Olay Holiday Program/button_SUBMIT")): Object: 'Object Repository/Microsite Prod/Page_Olay Holiday Program/button_SUBMIT' is clicked on

2021-12-14 17:47:01 - [MESSAGE][PASSED] - Object: 'Object Repository/Microsite Prod/Page_Olay Holiday Program/button_SUBMIT' is clicked on

2021-12-14 17:47:01 - [TEST_STEP][PASSED] - closeBrowser(): Browser is closed

2021-12-14 17:47:01 - [MESSAGE][PASSED] - Browser is closed]]></system-out>
         <system-err><![CDATA[]]></system-err>
      </testcase>
      <system-out><![CDATA[2021-12-14 17:45:42 - [TEST_SUITE][PASSED] - Olay: Test Cases/microsites/Tc6-Support]]></system-out>
      <system-err><![CDATA[]]></system-err>
   </testsuite>
</testsuites>
