<?xml version="1.0" encoding="UTF-8"?>
<testsuites name="Microsite olay" time="100.792" tests="5" failures="0" errors="0">
   <testsuite name="Microsite olay" tests="5" failures="0" errors="0" time="100.792" skipped="0" timestamp="2021-12-16 10:59:49" hostname="knoldus - knoldus-Latitude-3520" id="Test Suites/Microsite olay Staging/Microsite olay">
      <properties>
         <property name="deviceName" value=""/>
         <property name="devicePlatform" value=""/>
         <property name="logFolder" value="/home/knoldus/Katalon Studio/Learn1/Reports/20211216_105942/Microsite olay Staging/Microsite olay/20211216_105942"/>
         <property name="logFiles" value="/home/knoldus/Katalon Studio/Learn1/Reports/20211216_105942/Microsite olay Staging/Microsite olay/20211216_105942/execution0.log"/>
         <property name="attachments" value=""/>
         <property name="hostName" value="knoldus - knoldus-Latitude-3520"/>
         <property name="os" value="Linux 64bit"/>
         <property name="katalonVersion" value="8.2.0.208"/>
         <property name="browser" value="Chrome 95.0.4638.69"/>
         <property name="hostAddress" value="127.0.1.1"/>
         <property name="sessionId" value="bd95041da133b1791edd9c6ba9cecc71"/>
         <property name="seleniumVersion" value="3.141.59"/>
         <property name="proxyInformation" value="ProxyInformation { proxyOption=NO_PROXY, proxyServerType=HTTP, username=, password=********, proxyServerAddress=, proxyServerPort=0, executionList=&quot;&quot;, isApplyToDesiredCapabilities=true }"/>
         <property name="platform" value="Linux"/>
      </properties>
      <testcase name="Test Cases/microsite staging/Login/Tc-1" time="14.727" classname="Test Cases/microsite staging/Login/Tc-1" status="PASSED">
         <system-out><![CDATA[2021-12-16 10:59:50 - [TEST_CASE][PASSED] - Test Cases/microsite staging/Login/Tc-1: Test Cases/microsite staging/Login/Tc-1

2021-12-16 10:59:50 - [TEST_STEP][PASSED] - callTestCase(findTestCase("microsite staging/Open browser/Tc2-Login"), [:], STOP_ON_FAILURE): Call Test Case 'Test Cases/microsite staging/Open browser/Tc2-Login' successfully

2021-12-16 10:59:50 - [TEST_CASE][PASSED] - Test Cases/microsite staging/Open browser/Tc2-Login: Test Cases/microsite staging/Open browser/Tc2-Login

2021-12-16 10:59:50 - [TEST_STEP][PASSED] - callTestCase(findTestCase("microsite staging/Open browser/Tc-1"), [:], STOP_ON_FAILURE): Call Test Case 'Test Cases/microsite staging/Open browser/Tc-1' successfully

2021-12-16 10:59:50 - [TEST_CASE][PASSED] - Test Cases/microsite staging/Open browser/Tc-1: Test Cases/microsite staging/Open browser/Tc-1

2021-12-16 10:59:50 - [TEST_STEP][PASSED] - openBrowser(""): Browser is opened with url: ''

2021-12-16 10:59:50 - [MESSAGE][INFO] - Starting 'Chrome' driver

2021-12-16 10:59:50 - [MESSAGE][INFO] - Action delay is set to 0 milliseconds

2021-12-16 10:59:51 - [MESSAGE][PASSED] - Browser is opened with url: ''

2021-12-16 10:59:51 - [TEST_STEP][PASSED] - navigateToUrl(urlstaging): Navigate to 'https://holidayolay.3tlstaging.com/login' successfully

2021-12-16 11:00:02 - [MESSAGE][PASSED] - Navigate to 'https://holidayolay.3tlstaging.com/login' successfully

2021-12-16 11:00:02 - [TEST_STEP][PASSED] - maximizeWindow(): Current window maximized

2021-12-16 11:00:02 - [MESSAGE][PASSED] - Current window maximized

2021-12-16 11:00:02 - [MESSAGE][PASSED] - Call Test Case 'Test Cases/microsite staging/Open browser/Tc-1' successfully

2021-12-16 11:00:02 - [TEST_STEP][PASSED] - sendKeys(findTestObject("Object Repository/micro staging/Page_Olay Holiday Program/input_Please Enter you Credentials_mat-input-0"), LoginUsername): Keys 'pg_olayholiday' sent to object: 'Object Repository/micro staging/Page_Olay Holiday Program/input_Please Enter you Credentials_mat-input-0'

2021-12-16 11:00:02 - [MESSAGE][PASSED] - Keys 'pg_olayholiday' sent to object: 'Object Repository/micro staging/Page_Olay Holiday Program/input_Please Enter you Credentials_mat-input-0'

2021-12-16 11:00:02 - [TEST_STEP][PASSED] - click(findTestObject("Object Repository/micro staging/Page_Olay Holiday Program/div_Password")): Object: 'Object Repository/micro staging/Page_Olay Holiday Program/div_Password' is clicked on

2021-12-16 11:00:03 - [MESSAGE][PASSED] - Object: 'Object Repository/micro staging/Page_Olay Holiday Program/div_Password' is clicked on

2021-12-16 11:00:03 - [TEST_STEP][PASSED] - sendKeys(findTestObject("Object Repository/micro staging/Page_Olay Holiday Program/input_Username_mat-input-1"), Loginpswd): Keys '1q2w3e4r!@#' sent to object: 'Object Repository/micro staging/Page_Olay Holiday Program/input_Username_mat-input-1'

2021-12-16 11:00:03 - [MESSAGE][PASSED] - Keys '1q2w3e4r!@#' sent to object: 'Object Repository/micro staging/Page_Olay Holiday Program/input_Username_mat-input-1'

2021-12-16 11:00:03 - [TEST_STEP][PASSED] - click(findTestObject("Object Repository/micro staging/Page_Olay Holiday Program/button_Submit")): Object: 'Object Repository/micro staging/Page_Olay Holiday Program/button_Submit' is clicked on

2021-12-16 11:00:03 - [MESSAGE][PASSED] - Object: 'Object Repository/micro staging/Page_Olay Holiday Program/button_Submit' is clicked on

2021-12-16 11:00:03 - [MESSAGE][PASSED] - Call Test Case 'Test Cases/microsite staging/Open browser/Tc2-Login' successfully

2021-12-16 11:00:03 - [TEST_STEP][PASSED] - sendKeys(findTestObject("Object Repository/micro staging/Page_Olay Holiday Program/input_WELCOME_mat-input-2"), Emailid): Keys 'akki2323@yopmail.com' sent to object: 'Object Repository/micro staging/Page_Olay Holiday Program/input_WELCOME_mat-input-2'

2021-12-16 11:00:04 - [MESSAGE][PASSED] - Keys 'akki2323@yopmail.com' sent to object: 'Object Repository/micro staging/Page_Olay Holiday Program/input_WELCOME_mat-input-2'

2021-12-16 11:00:04 - [TEST_STEP][PASSED] - sendKeys(findTestObject("Object Repository/micro staging/Page_Olay Holiday Program/input__mat-input-3"), Pswd): Keys '3TL@testing' sent to object: 'Object Repository/micro staging/Page_Olay Holiday Program/input__mat-input-3'

2021-12-16 11:00:04 - [MESSAGE][PASSED] - Keys '3TL@testing' sent to object: 'Object Repository/micro staging/Page_Olay Holiday Program/input__mat-input-3'

2021-12-16 11:00:04 - [TEST_STEP][PASSED] - click(findTestObject("Object Repository/micro staging/Page_Olay Holiday Program/button_SUBMIT (7)")): Object: 'Object Repository/micro staging/Page_Olay Holiday Program/button_SUBMIT (7)' is clicked on

2021-12-16 11:00:04 - [MESSAGE][PASSED] - Object: 'Object Repository/micro staging/Page_Olay Holiday Program/button_SUBMIT (7)' is clicked on]]></system-out>
         <system-err><![CDATA[]]></system-err>
      </testcase>
      <testcase name="Test Cases/microsite staging/Reset password/Tc-1" time="24.989" classname="Test Cases/microsite staging/Reset password/Tc-1" status="PASSED">
         <system-out><![CDATA[2021-12-16 11:00:04 - [TEST_CASE][PASSED] - Test Cases/microsite staging/Reset password/Tc-1: Test Cases/microsite staging/Reset password/Tc-1

2021-12-16 11:00:04 - [TEST_STEP][PASSED] - callTestCase(findTestCase("microsite staging/Open browser/Tc2-Login"), [:], STOP_ON_FAILURE): Call Test Case 'Test Cases/microsite staging/Open browser/Tc2-Login' successfully

2021-12-16 11:00:04 - [TEST_CASE][PASSED] - Test Cases/microsite staging/Open browser/Tc2-Login: Test Cases/microsite staging/Open browser/Tc2-Login

2021-12-16 11:00:04 - [TEST_STEP][PASSED] - callTestCase(findTestCase("microsite staging/Open browser/Tc-1"), [:], STOP_ON_FAILURE): Call Test Case 'Test Cases/microsite staging/Open browser/Tc-1' successfully

2021-12-16 11:00:04 - [TEST_CASE][PASSED] - Test Cases/microsite staging/Open browser/Tc-1: Test Cases/microsite staging/Open browser/Tc-1

2021-12-16 11:00:04 - [TEST_STEP][PASSED] - openBrowser(""): Browser is opened with url: ''

2021-12-16 11:00:04 - [MESSAGE][WARNING] - A browser is already opened. Closing browser and opening a new one

2021-12-16 11:00:05 - [MESSAGE][INFO] - Starting 'Chrome' driver

2021-12-16 11:00:05 - [MESSAGE][INFO] - Action delay is set to 0 milliseconds

2021-12-16 11:00:05 - [MESSAGE][PASSED] - Browser is opened with url: ''

2021-12-16 11:00:05 - [TEST_STEP][PASSED] - navigateToUrl(urlstaging): Navigate to 'https://holidayolay.3tlstaging.com/login' successfully

2021-12-16 11:00:25 - [MESSAGE][PASSED] - Navigate to 'https://holidayolay.3tlstaging.com/login' successfully

2021-12-16 11:00:25 - [TEST_STEP][PASSED] - maximizeWindow(): Current window maximized

2021-12-16 11:00:26 - [MESSAGE][PASSED] - Current window maximized

2021-12-16 11:00:26 - [MESSAGE][PASSED] - Call Test Case 'Test Cases/microsite staging/Open browser/Tc-1' successfully

2021-12-16 11:00:26 - [TEST_STEP][PASSED] - sendKeys(findTestObject("Object Repository/micro staging/Page_Olay Holiday Program/input_Please Enter you Credentials_mat-input-0"), LoginUsername): Keys 'pg_olayholiday' sent to object: 'Object Repository/micro staging/Page_Olay Holiday Program/input_Please Enter you Credentials_mat-input-0'

2021-12-16 11:00:26 - [MESSAGE][PASSED] - Keys 'pg_olayholiday' sent to object: 'Object Repository/micro staging/Page_Olay Holiday Program/input_Please Enter you Credentials_mat-input-0'

2021-12-16 11:00:26 - [TEST_STEP][PASSED] - click(findTestObject("Object Repository/micro staging/Page_Olay Holiday Program/div_Password")): Object: 'Object Repository/micro staging/Page_Olay Holiday Program/div_Password' is clicked on

2021-12-16 11:00:26 - [MESSAGE][PASSED] - Object: 'Object Repository/micro staging/Page_Olay Holiday Program/div_Password' is clicked on

2021-12-16 11:00:26 - [TEST_STEP][PASSED] - sendKeys(findTestObject("Object Repository/micro staging/Page_Olay Holiday Program/input_Username_mat-input-1"), Loginpswd): Keys '1q2w3e4r!@#' sent to object: 'Object Repository/micro staging/Page_Olay Holiday Program/input_Username_mat-input-1'

2021-12-16 11:00:27 - [MESSAGE][PASSED] - Keys '1q2w3e4r!@#' sent to object: 'Object Repository/micro staging/Page_Olay Holiday Program/input_Username_mat-input-1'

2021-12-16 11:00:27 - [TEST_STEP][PASSED] - click(findTestObject("Object Repository/micro staging/Page_Olay Holiday Program/button_Submit")): Object: 'Object Repository/micro staging/Page_Olay Holiday Program/button_Submit' is clicked on

2021-12-16 11:00:27 - [MESSAGE][PASSED] - Object: 'Object Repository/micro staging/Page_Olay Holiday Program/button_Submit' is clicked on

2021-12-16 11:00:27 - [MESSAGE][PASSED] - Call Test Case 'Test Cases/microsite staging/Open browser/Tc2-Login' successfully

2021-12-16 11:00:27 - [TEST_STEP][PASSED] - click(findTestObject("Object Repository/micro staging/Page_Olay Holiday Program/a_Already registered but forgot your passwo_7296b8")): Object: 'Object Repository/micro staging/Page_Olay Holiday Program/a_Already registered but forgot your passwo_7296b8' is clicked on

2021-12-16 11:00:27 - [MESSAGE][PASSED] - Object: 'Object Repository/micro staging/Page_Olay Holiday Program/a_Already registered but forgot your passwo_7296b8' is clicked on

2021-12-16 11:00:27 - [TEST_STEP][PASSED] - click(findTestObject("Object Repository/micro staging/Page_Olay Holiday Program/input_Forgot Password_mat-input-4")): Object: 'Object Repository/micro staging/Page_Olay Holiday Program/input_Forgot Password_mat-input-4' is clicked on

2021-12-16 11:00:28 - [MESSAGE][PASSED] - Object: 'Object Repository/micro staging/Page_Olay Holiday Program/input_Forgot Password_mat-input-4' is clicked on

2021-12-16 11:00:28 - [TEST_STEP][PASSED] - setText(findTestObject("Object Repository/micro staging/Page_Olay Holiday Program/input_Forgot Password_mat-input-4"), "akki2323@yopmail.com"): Text 'akki2323@yopmail.com' is set on object 'Object Repository/micro staging/Page_Olay Holiday Program/input_Forgot Password_mat-input-4'

2021-12-16 11:00:29 - [MESSAGE][PASSED] - Text 'akki2323@yopmail.com' is set on object 'Object Repository/micro staging/Page_Olay Holiday Program/input_Forgot Password_mat-input-4'

2021-12-16 11:00:29 - [TEST_STEP][PASSED] - click(findTestObject("Object Repository/micro staging/Page_Olay Holiday Program/button_SUBMIT (8)")): Object: 'Object Repository/micro staging/Page_Olay Holiday Program/button_SUBMIT (8)' is clicked on

2021-12-16 11:00:29 - [MESSAGE][PASSED] - Object: 'Object Repository/micro staging/Page_Olay Holiday Program/button_SUBMIT (8)' is clicked on]]></system-out>
         <system-err><![CDATA[]]></system-err>
      </testcase>
      <testcase name="Test Cases/microsite staging/Upload Receipt/Tc-1" time="17.828" classname="Test Cases/microsite staging/Upload Receipt/Tc-1" status="PASSED">
         <system-out><![CDATA[2021-12-16 11:00:29 - [TEST_CASE][PASSED] - Test Cases/microsite staging/Upload Receipt/Tc-1: Test Cases/microsite staging/Upload Receipt/Tc-1

2021-12-16 11:00:29 - [TEST_STEP][PASSED] - openBrowser(""): Browser is opened with url: ''

2021-12-16 11:00:29 - [MESSAGE][WARNING] - A browser is already opened. Closing browser and opening a new one

2021-12-16 11:00:29 - [MESSAGE][INFO] - Starting 'Chrome' driver

2021-12-16 11:00:29 - [MESSAGE][INFO] - Action delay is set to 0 milliseconds

2021-12-16 11:00:30 - [MESSAGE][PASSED] - Browser is opened with url: ''

2021-12-16 11:00:30 - [TEST_STEP][PASSED] - navigateToUrl("https://holidayolay.3tlstaging.com/login"): Navigate to 'https://holidayolay.3tlstaging.com/login' successfully

2021-12-16 11:00:42 - [MESSAGE][PASSED] - Navigate to 'https://holidayolay.3tlstaging.com/login' successfully

2021-12-16 11:00:42 - [TEST_STEP][PASSED] - maximizeWindow(): Current window maximized

2021-12-16 11:00:42 - [MESSAGE][PASSED] - Current window maximized

2021-12-16 11:00:42 - [TEST_STEP][PASSED] - setText(findTestObject("Object Repository/micro staging/Page_Olay Holiday Program/input_Please Enter you Credentials_mat-input-0"), "pg_olayholiday"): Text 'pg_olayholiday' is set on object 'Object Repository/micro staging/Page_Olay Holiday Program/input_Please Enter you Credentials_mat-input-0'

2021-12-16 11:00:43 - [MESSAGE][PASSED] - Text 'pg_olayholiday' is set on object 'Object Repository/micro staging/Page_Olay Holiday Program/input_Please Enter you Credentials_mat-input-0'

2021-12-16 11:00:43 - [TEST_STEP][PASSED] - setText(findTestObject("Object Repository/micro staging/Page_Olay Holiday Program/input_Username_mat-input-1"), "1q2w3e4r!@#"): Text '1q2w3e4r!@#' is set on object 'Object Repository/micro staging/Page_Olay Holiday Program/input_Username_mat-input-1'

2021-12-16 11:00:43 - [MESSAGE][PASSED] - Text '1q2w3e4r!@#' is set on object 'Object Repository/micro staging/Page_Olay Holiday Program/input_Username_mat-input-1'

2021-12-16 11:00:43 - [TEST_STEP][PASSED] - click(findTestObject("Object Repository/micro staging/Page_Olay Holiday Program/span_Submit")): Object: 'Object Repository/micro staging/Page_Olay Holiday Program/span_Submit' is clicked on

2021-12-16 11:00:44 - [MESSAGE][PASSED] - Object: 'Object Repository/micro staging/Page_Olay Holiday Program/span_Submit' is clicked on

2021-12-16 11:00:44 - [TEST_STEP][PASSED] - click(findTestObject("Object Repository/micro staging/Page_Olay Holiday Program/div_Email")): Object: 'Object Repository/micro staging/Page_Olay Holiday Program/div_Email' is clicked on

2021-12-16 11:00:44 - [MESSAGE][PASSED] - Object: 'Object Repository/micro staging/Page_Olay Holiday Program/div_Email' is clicked on

2021-12-16 11:00:44 - [TEST_STEP][PASSED] - setText(findTestObject("Object Repository/micro staging/Page_Olay Holiday Program/input_WELCOME_mat-input-2"), Emailid): Text 'akki2323@yopmail.com' is set on object 'Object Repository/micro staging/Page_Olay Holiday Program/input_WELCOME_mat-input-2'

2021-12-16 11:00:45 - [MESSAGE][PASSED] - Text 'akki2323@yopmail.com' is set on object 'Object Repository/micro staging/Page_Olay Holiday Program/input_WELCOME_mat-input-2'

2021-12-16 11:00:45 - [TEST_STEP][PASSED] - setText(findTestObject("Object Repository/micro staging/Page_Olay Holiday Program/input__mat-input-3"), Pswd): Text '3TL@testing' is set on object 'Object Repository/micro staging/Page_Olay Holiday Program/input__mat-input-3'

2021-12-16 11:00:45 - [MESSAGE][PASSED] - Text '3TL@testing' is set on object 'Object Repository/micro staging/Page_Olay Holiday Program/input__mat-input-3'

2021-12-16 11:00:45 - [TEST_STEP][PASSED] - click(findTestObject("Object Repository/micro staging/Page_Olay Holiday Program/button_SUBMIT (2)")): Object: 'Object Repository/micro staging/Page_Olay Holiday Program/button_SUBMIT (2)' is clicked on

2021-12-16 11:00:45 - [MESSAGE][PASSED] - Object: 'Object Repository/micro staging/Page_Olay Holiday Program/button_SUBMIT (2)' is clicked on

2021-12-16 11:00:45 - [TEST_STEP][PASSED] - click(findTestObject("Object Repository/micro staging/Page_Olay Holiday Program/ngx-dropzone-label_Click here to upload rec_7b6b3a")): Object: 'Object Repository/micro staging/Page_Olay Holiday Program/ngx-dropzone-label_Click here to upload rec_7b6b3a' is clicked on

2021-12-16 11:00:47 - [MESSAGE][PASSED] - Object: 'Object Repository/micro staging/Page_Olay Holiday Program/ngx-dropzone-label_Click here to upload rec_7b6b3a' is clicked on

2021-12-16 11:00:47 - [TEST_STEP][PASSED] - click(findTestObject("Object Repository/micro staging/Page_Olay Holiday Program/button_SUBMIT_1")): Object: 'Object Repository/micro staging/Page_Olay Holiday Program/button_SUBMIT_1' is clicked on

2021-12-16 11:00:47 - [MESSAGE][PASSED] - Object: 'Object Repository/micro staging/Page_Olay Holiday Program/button_SUBMIT_1' is clicked on

2021-12-16 11:00:47 - [TEST_STEP][PASSED] - closeBrowser(): Browser is closed

2021-12-16 11:00:47 - [MESSAGE][PASSED] - Browser is closed]]></system-out>
         <system-err><![CDATA[]]></system-err>
      </testcase>
      <testcase name="Test Cases/microsite staging/Support/Tc-1" time="24.777" classname="Test Cases/microsite staging/Support/Tc-1" status="PASSED">
         <system-out><![CDATA[2021-12-16 11:00:47 - [TEST_CASE][PASSED] - Test Cases/microsite staging/Support/Tc-1: Test Cases/microsite staging/Support/Tc-1

2021-12-16 11:00:47 - [TEST_STEP][PASSED] - callTestCase(findTestCase("microsite staging/Login/Tc-1"), [:], STOP_ON_FAILURE): Call Test Case 'Test Cases/microsite staging/Login/Tc-1' successfully

2021-12-16 11:00:47 - [TEST_CASE][PASSED] - Test Cases/microsite staging/Login/Tc-1: Test Cases/microsite staging/Login/Tc-1

2021-12-16 11:00:47 - [TEST_STEP][PASSED] - callTestCase(findTestCase("microsite staging/Open browser/Tc2-Login"), [:], STOP_ON_FAILURE): Call Test Case 'Test Cases/microsite staging/Open browser/Tc2-Login' successfully

2021-12-16 11:00:47 - [TEST_CASE][PASSED] - Test Cases/microsite staging/Open browser/Tc2-Login: Test Cases/microsite staging/Open browser/Tc2-Login

2021-12-16 11:00:47 - [TEST_STEP][PASSED] - callTestCase(findTestCase("microsite staging/Open browser/Tc-1"), [:], STOP_ON_FAILURE): Call Test Case 'Test Cases/microsite staging/Open browser/Tc-1' successfully

2021-12-16 11:00:47 - [TEST_CASE][PASSED] - Test Cases/microsite staging/Open browser/Tc-1: Test Cases/microsite staging/Open browser/Tc-1

2021-12-16 11:00:47 - [TEST_STEP][PASSED] - openBrowser(""): Browser is opened with url: ''

2021-12-16 11:00:47 - [MESSAGE][INFO] - Starting 'Chrome' driver

2021-12-16 11:00:47 - [MESSAGE][INFO] - Action delay is set to 0 milliseconds

2021-12-16 11:00:48 - [MESSAGE][PASSED] - Browser is opened with url: ''

2021-12-16 11:00:48 - [TEST_STEP][PASSED] - navigateToUrl(urlstaging): Navigate to 'https://holidayolay.3tlstaging.com/login' successfully

2021-12-16 11:01:05 - [MESSAGE][PASSED] - Navigate to 'https://holidayolay.3tlstaging.com/login' successfully

2021-12-16 11:01:05 - [TEST_STEP][PASSED] - maximizeWindow(): Current window maximized

2021-12-16 11:01:05 - [MESSAGE][PASSED] - Current window maximized

2021-12-16 11:01:05 - [MESSAGE][PASSED] - Call Test Case 'Test Cases/microsite staging/Open browser/Tc-1' successfully

2021-12-16 11:01:05 - [TEST_STEP][PASSED] - sendKeys(findTestObject("Object Repository/micro staging/Page_Olay Holiday Program/input_Please Enter you Credentials_mat-input-0"), LoginUsername): Keys 'pg_olayholiday' sent to object: 'Object Repository/micro staging/Page_Olay Holiday Program/input_Please Enter you Credentials_mat-input-0'

2021-12-16 11:01:05 - [MESSAGE][PASSED] - Keys 'pg_olayholiday' sent to object: 'Object Repository/micro staging/Page_Olay Holiday Program/input_Please Enter you Credentials_mat-input-0'

2021-12-16 11:01:05 - [TEST_STEP][PASSED] - click(findTestObject("Object Repository/micro staging/Page_Olay Holiday Program/div_Password")): Object: 'Object Repository/micro staging/Page_Olay Holiday Program/div_Password' is clicked on

2021-12-16 11:01:05 - [MESSAGE][PASSED] - Object: 'Object Repository/micro staging/Page_Olay Holiday Program/div_Password' is clicked on

2021-12-16 11:01:05 - [TEST_STEP][PASSED] - sendKeys(findTestObject("Object Repository/micro staging/Page_Olay Holiday Program/input_Username_mat-input-1"), Loginpswd): Keys '1q2w3e4r!@#' sent to object: 'Object Repository/micro staging/Page_Olay Holiday Program/input_Username_mat-input-1'

2021-12-16 11:01:06 - [MESSAGE][PASSED] - Keys '1q2w3e4r!@#' sent to object: 'Object Repository/micro staging/Page_Olay Holiday Program/input_Username_mat-input-1'

2021-12-16 11:01:06 - [TEST_STEP][PASSED] - click(findTestObject("Object Repository/micro staging/Page_Olay Holiday Program/button_Submit")): Object: 'Object Repository/micro staging/Page_Olay Holiday Program/button_Submit' is clicked on

2021-12-16 11:01:06 - [MESSAGE][PASSED] - Object: 'Object Repository/micro staging/Page_Olay Holiday Program/button_Submit' is clicked on

2021-12-16 11:01:06 - [MESSAGE][PASSED] - Call Test Case 'Test Cases/microsite staging/Open browser/Tc2-Login' successfully

2021-12-16 11:01:06 - [TEST_STEP][PASSED] - sendKeys(findTestObject("Object Repository/micro staging/Page_Olay Holiday Program/input_WELCOME_mat-input-2"), Emailid): Keys 'akki2323@yopmail.com' sent to object: 'Object Repository/micro staging/Page_Olay Holiday Program/input_WELCOME_mat-input-2'

2021-12-16 11:01:07 - [MESSAGE][PASSED] - Keys 'akki2323@yopmail.com' sent to object: 'Object Repository/micro staging/Page_Olay Holiday Program/input_WELCOME_mat-input-2'

2021-12-16 11:01:07 - [TEST_STEP][PASSED] - sendKeys(findTestObject("Object Repository/micro staging/Page_Olay Holiday Program/input__mat-input-3"), Pswd): Keys '3TL@testing' sent to object: 'Object Repository/micro staging/Page_Olay Holiday Program/input__mat-input-3'

2021-12-16 11:01:07 - [MESSAGE][PASSED] - Keys '3TL@testing' sent to object: 'Object Repository/micro staging/Page_Olay Holiday Program/input__mat-input-3'

2021-12-16 11:01:07 - [TEST_STEP][PASSED] - click(findTestObject("Object Repository/micro staging/Page_Olay Holiday Program/button_SUBMIT (7)")): Object: 'Object Repository/micro staging/Page_Olay Holiday Program/button_SUBMIT (7)' is clicked on

2021-12-16 11:01:07 - [MESSAGE][PASSED] - Object: 'Object Repository/micro staging/Page_Olay Holiday Program/button_SUBMIT (7)' is clicked on

2021-12-16 11:01:07 - [MESSAGE][PASSED] - Call Test Case 'Test Cases/microsite staging/Login/Tc-1' successfully

2021-12-16 11:01:07 - [TEST_STEP][NOT_RUN] - click(findTestObject("Object Repository/micro staging/Page_Olay Holiday Program/ngx-dropzone_Click here to upload receipt.P_a88ee9")): NOT_RUN: click(findTestObject("Object Repository/micro staging/Page_Olay Holiday Program/ngx-dropzone_Click here to upload receipt.P_a88ee9"))

2021-12-16 11:01:07 - [MESSAGE][NOT_RUN] - NOT_RUN: click(findTestObject("Object Repository/micro staging/Page_Olay Holiday Program/ngx-dropzone_Click here to upload receipt.P_a88ee9"))

2021-12-16 11:01:07 - [TEST_STEP][PASSED] - click(findTestObject("Object Repository/micro staging/Page_Olay Holiday Program/button_SUPPORT")): Object: 'Object Repository/micro staging/Page_Olay Holiday Program/button_SUPPORT' is clicked on

2021-12-16 11:01:08 - [MESSAGE][PASSED] - Object: 'Object Repository/micro staging/Page_Olay Holiday Program/button_SUPPORT' is clicked on

2021-12-16 11:01:08 - [TEST_STEP][PASSED] - setText(findTestObject("Object Repository/micro staging/Page_Olay Holiday Program/input_Support_mat-input-4"), "Testing"): Text 'Testing' is set on object 'Object Repository/micro staging/Page_Olay Holiday Program/input_Support_mat-input-4'

2021-12-16 11:01:10 - [MESSAGE][PASSED] - Text 'Testing' is set on object 'Object Repository/micro staging/Page_Olay Holiday Program/input_Support_mat-input-4'

2021-12-16 11:01:10 - [TEST_STEP][PASSED] - setText(findTestObject("Object Repository/micro staging/Page_Olay Holiday Program/input__mat-input-5"), "Testing123@gmail.com"): Text 'Testing123@gmail.com' is set on object 'Object Repository/micro staging/Page_Olay Holiday Program/input__mat-input-5'

2021-12-16 11:01:10 - [MESSAGE][PASSED] - Text 'Testing123@gmail.com' is set on object 'Object Repository/micro staging/Page_Olay Holiday Program/input__mat-input-5'

2021-12-16 11:01:10 - [TEST_STEP][PASSED] - setText(findTestObject("Object Repository/micro staging/Page_Olay Holiday Program/textarea__mat-input-6"), "Testing"): Text 'Testing' is set on object 'Object Repository/micro staging/Page_Olay Holiday Program/textarea__mat-input-6'

2021-12-16 11:01:11 - [MESSAGE][PASSED] - Text 'Testing' is set on object 'Object Repository/micro staging/Page_Olay Holiday Program/textarea__mat-input-6'

2021-12-16 11:01:11 - [TEST_STEP][PASSED] - click(findTestObject("Object Repository/micro staging/Page_Olay Holiday Program/span__mat-checkbox-inner-container")): Object: 'Object Repository/micro staging/Page_Olay Holiday Program/span__mat-checkbox-inner-container' is clicked on

2021-12-16 11:01:11 - [MESSAGE][PASSED] - Object: 'Object Repository/micro staging/Page_Olay Holiday Program/span__mat-checkbox-inner-container' is clicked on

2021-12-16 11:01:11 - [TEST_STEP][PASSED] - click(findTestObject("Object Repository/micro staging/Page_Olay Holiday Program/button_SUBMIT (3)")): Object: 'Object Repository/micro staging/Page_Olay Holiday Program/button_SUBMIT (3)' is clicked on

2021-12-16 11:01:12 - [MESSAGE][PASSED] - Object: 'Object Repository/micro staging/Page_Olay Holiday Program/button_SUBMIT (3)' is clicked on

2021-12-16 11:01:12 - [TEST_STEP][PASSED] - closeBrowser(): Browser is closed

2021-12-16 11:01:12 - [MESSAGE][PASSED] - Browser is closed]]></system-out>
         <system-err><![CDATA[]]></system-err>
      </testcase>
      <testcase name="Test Cases/microsite staging/FAQ/Tc-1" time="18.299" classname="Test Cases/microsite staging/FAQ/Tc-1" status="PASSED">
         <system-out><![CDATA[2021-12-16 11:01:12 - [TEST_CASE][PASSED] - Test Cases/microsite staging/FAQ/Tc-1: Test Cases/microsite staging/FAQ/Tc-1

2021-12-16 11:01:12 - [TEST_STEP][PASSED] - callTestCase(findTestCase("microsite staging/Login/Tc-1"), [:], STOP_ON_FAILURE): Call Test Case 'Test Cases/microsite staging/Login/Tc-1' successfully

2021-12-16 11:01:12 - [TEST_CASE][PASSED] - Test Cases/microsite staging/Login/Tc-1: Test Cases/microsite staging/Login/Tc-1

2021-12-16 11:01:12 - [TEST_STEP][PASSED] - callTestCase(findTestCase("microsite staging/Open browser/Tc2-Login"), [:], STOP_ON_FAILURE): Call Test Case 'Test Cases/microsite staging/Open browser/Tc2-Login' successfully

2021-12-16 11:01:12 - [TEST_CASE][PASSED] - Test Cases/microsite staging/Open browser/Tc2-Login: Test Cases/microsite staging/Open browser/Tc2-Login

2021-12-16 11:01:12 - [TEST_STEP][PASSED] - callTestCase(findTestCase("microsite staging/Open browser/Tc-1"), [:], STOP_ON_FAILURE): Call Test Case 'Test Cases/microsite staging/Open browser/Tc-1' successfully

2021-12-16 11:01:12 - [TEST_CASE][PASSED] - Test Cases/microsite staging/Open browser/Tc-1: Test Cases/microsite staging/Open browser/Tc-1

2021-12-16 11:01:12 - [TEST_STEP][PASSED] - openBrowser(""): Browser is opened with url: ''

2021-12-16 11:01:12 - [MESSAGE][INFO] - Starting 'Chrome' driver

2021-12-16 11:01:12 - [MESSAGE][INFO] - Action delay is set to 0 milliseconds

2021-12-16 11:01:12 - [MESSAGE][PASSED] - Browser is opened with url: ''

2021-12-16 11:01:12 - [TEST_STEP][PASSED] - navigateToUrl(urlstaging): Navigate to 'https://holidayolay.3tlstaging.com/login' successfully

2021-12-16 11:01:22 - [MESSAGE][PASSED] - Navigate to 'https://holidayolay.3tlstaging.com/login' successfully

2021-12-16 11:01:22 - [TEST_STEP][PASSED] - maximizeWindow(): Current window maximized

2021-12-16 11:01:22 - [MESSAGE][PASSED] - Current window maximized

2021-12-16 11:01:22 - [MESSAGE][PASSED] - Call Test Case 'Test Cases/microsite staging/Open browser/Tc-1' successfully

2021-12-16 11:01:22 - [TEST_STEP][PASSED] - sendKeys(findTestObject("Object Repository/micro staging/Page_Olay Holiday Program/input_Please Enter you Credentials_mat-input-0"), LoginUsername): Keys 'pg_olayholiday' sent to object: 'Object Repository/micro staging/Page_Olay Holiday Program/input_Please Enter you Credentials_mat-input-0'

2021-12-16 11:01:22 - [MESSAGE][PASSED] - Keys 'pg_olayholiday' sent to object: 'Object Repository/micro staging/Page_Olay Holiday Program/input_Please Enter you Credentials_mat-input-0'

2021-12-16 11:01:22 - [TEST_STEP][PASSED] - click(findTestObject("Object Repository/micro staging/Page_Olay Holiday Program/div_Password")): Object: 'Object Repository/micro staging/Page_Olay Holiday Program/div_Password' is clicked on

2021-12-16 11:01:23 - [MESSAGE][PASSED] - Object: 'Object Repository/micro staging/Page_Olay Holiday Program/div_Password' is clicked on

2021-12-16 11:01:23 - [TEST_STEP][PASSED] - sendKeys(findTestObject("Object Repository/micro staging/Page_Olay Holiday Program/input_Username_mat-input-1"), Loginpswd): Keys '1q2w3e4r!@#' sent to object: 'Object Repository/micro staging/Page_Olay Holiday Program/input_Username_mat-input-1'

2021-12-16 11:01:23 - [MESSAGE][PASSED] - Keys '1q2w3e4r!@#' sent to object: 'Object Repository/micro staging/Page_Olay Holiday Program/input_Username_mat-input-1'

2021-12-16 11:01:23 - [TEST_STEP][PASSED] - click(findTestObject("Object Repository/micro staging/Page_Olay Holiday Program/button_Submit")): Object: 'Object Repository/micro staging/Page_Olay Holiday Program/button_Submit' is clicked on

2021-12-16 11:01:23 - [MESSAGE][PASSED] - Object: 'Object Repository/micro staging/Page_Olay Holiday Program/button_Submit' is clicked on

2021-12-16 11:01:23 - [MESSAGE][PASSED] - Call Test Case 'Test Cases/microsite staging/Open browser/Tc2-Login' successfully

2021-12-16 11:01:23 - [TEST_STEP][PASSED] - sendKeys(findTestObject("Object Repository/micro staging/Page_Olay Holiday Program/input_WELCOME_mat-input-2"), Emailid): Keys 'akki2323@yopmail.com' sent to object: 'Object Repository/micro staging/Page_Olay Holiday Program/input_WELCOME_mat-input-2'

2021-12-16 11:01:24 - [MESSAGE][PASSED] - Keys 'akki2323@yopmail.com' sent to object: 'Object Repository/micro staging/Page_Olay Holiday Program/input_WELCOME_mat-input-2'

2021-12-16 11:01:24 - [TEST_STEP][PASSED] - sendKeys(findTestObject("Object Repository/micro staging/Page_Olay Holiday Program/input__mat-input-3"), Pswd): Keys '3TL@testing' sent to object: 'Object Repository/micro staging/Page_Olay Holiday Program/input__mat-input-3'

2021-12-16 11:01:24 - [MESSAGE][PASSED] - Keys '3TL@testing' sent to object: 'Object Repository/micro staging/Page_Olay Holiday Program/input__mat-input-3'

2021-12-16 11:01:24 - [TEST_STEP][PASSED] - click(findTestObject("Object Repository/micro staging/Page_Olay Holiday Program/button_SUBMIT (7)")): Object: 'Object Repository/micro staging/Page_Olay Holiday Program/button_SUBMIT (7)' is clicked on

2021-12-16 11:01:24 - [MESSAGE][PASSED] - Object: 'Object Repository/micro staging/Page_Olay Holiday Program/button_SUBMIT (7)' is clicked on

2021-12-16 11:01:24 - [MESSAGE][PASSED] - Call Test Case 'Test Cases/microsite staging/Login/Tc-1' successfully

2021-12-16 11:01:24 - [TEST_STEP][PASSED] - click(findTestObject("Object Repository/micro staging/Page_Olay Holiday Program/button_Faq")): Object: 'Object Repository/micro staging/Page_Olay Holiday Program/button_Faq' is clicked on

2021-12-16 11:01:25 - [MESSAGE][PASSED] - Object: 'Object Repository/micro staging/Page_Olay Holiday Program/button_Faq' is clicked on

2021-12-16 11:01:25 - [TEST_STEP][PASSED] - click(findTestObject("Object Repository/micro staging/Page_Olay Holiday Program/mat-panel-title_How long do I have to submi_b881c2")): Object: 'Object Repository/micro staging/Page_Olay Holiday Program/mat-panel-title_How long do I have to submi_b881c2' is clicked on

2021-12-16 11:01:26 - [MESSAGE][PASSED] - Object: 'Object Repository/micro staging/Page_Olay Holiday Program/mat-panel-title_How long do I have to submi_b881c2' is clicked on

2021-12-16 11:01:26 - [TEST_STEP][PASSED] - click(findTestObject("Object Repository/micro staging/Page_Olay Holiday Program/mat-expansion-panel-header_How long do I ha_555170")): Object: 'Object Repository/micro staging/Page_Olay Holiday Program/mat-expansion-panel-header_How long do I ha_555170' is clicked on

2021-12-16 11:01:27 - [MESSAGE][PASSED] - Object: 'Object Repository/micro staging/Page_Olay Holiday Program/mat-expansion-panel-header_How long do I ha_555170' is clicked on

2021-12-16 11:01:27 - [TEST_STEP][PASSED] - click(findTestObject("Object Repository/micro staging/Page_Olay Holiday Program/mat-panel-title_What do I do if I am having_78c932")): Object: 'Object Repository/micro staging/Page_Olay Holiday Program/mat-panel-title_What do I do if I am having_78c932' is clicked on

2021-12-16 11:01:27 - [MESSAGE][PASSED] - Object: 'Object Repository/micro staging/Page_Olay Holiday Program/mat-panel-title_What do I do if I am having_78c932' is clicked on

2021-12-16 11:01:27 - [TEST_STEP][PASSED] - click(findTestObject("Object Repository/micro staging/Page_Olay Holiday Program/mat-panel-title_What do I do if I am having_78c932")): Object: 'Object Repository/micro staging/Page_Olay Holiday Program/mat-panel-title_What do I do if I am having_78c932' is clicked on

2021-12-16 11:01:27 - [MESSAGE][PASSED] - Object: 'Object Repository/micro staging/Page_Olay Holiday Program/mat-panel-title_What do I do if I am having_78c932' is clicked on

2021-12-16 11:01:27 - [TEST_STEP][PASSED] - click(findTestObject("Object Repository/micro staging/Page_Olay Holiday Program/mat-panel-title_What are the participating _a616ec")): Object: 'Object Repository/micro staging/Page_Olay Holiday Program/mat-panel-title_What are the participating _a616ec' is clicked on

2021-12-16 11:01:27 - [MESSAGE][PASSED] - Object: 'Object Repository/micro staging/Page_Olay Holiday Program/mat-panel-title_What are the participating _a616ec' is clicked on

2021-12-16 11:01:27 - [TEST_STEP][PASSED] - click(findTestObject("Object Repository/micro staging/Page_Olay Holiday Program/mat-expansion-panel_What are the participat_d9a68e")): Object: 'Object Repository/micro staging/Page_Olay Holiday Program/mat-expansion-panel_What are the participat_d9a68e' is clicked on

2021-12-16 11:01:28 - [MESSAGE][PASSED] - Object: 'Object Repository/micro staging/Page_Olay Holiday Program/mat-expansion-panel_What are the participat_d9a68e' is clicked on

2021-12-16 11:01:28 - [TEST_STEP][PASSED] - click(findTestObject("Object Repository/micro staging/Page_Olay Holiday Program/mat-panel-title_What are the participating _a616ec")): Object: 'Object Repository/micro staging/Page_Olay Holiday Program/mat-panel-title_What are the participating _a616ec' is clicked on

2021-12-16 11:01:28 - [MESSAGE][PASSED] - Object: 'Object Repository/micro staging/Page_Olay Holiday Program/mat-panel-title_What are the participating _a616ec' is clicked on

2021-12-16 11:01:28 - [TEST_STEP][PASSED] - click(findTestObject("Object Repository/micro staging/Page_Olay Holiday Program/mat-panel-title_How many times can I submit_4db6e3")): Object: 'Object Repository/micro staging/Page_Olay Holiday Program/mat-panel-title_How many times can I submit_4db6e3' is clicked on

2021-12-16 11:01:28 - [MESSAGE][PASSED] - Object: 'Object Repository/micro staging/Page_Olay Holiday Program/mat-panel-title_How many times can I submit_4db6e3' is clicked on

2021-12-16 11:01:28 - [TEST_STEP][PASSED] - click(findTestObject("Object Repository/micro staging/Page_Olay Holiday Program/mat-panel-title_How many times can I submit_4db6e3")): Object: 'Object Repository/micro staging/Page_Olay Holiday Program/mat-panel-title_How many times can I submit_4db6e3' is clicked on

2021-12-16 11:01:28 - [MESSAGE][PASSED] - Object: 'Object Repository/micro staging/Page_Olay Holiday Program/mat-panel-title_How many times can I submit_4db6e3' is clicked on

2021-12-16 11:01:28 - [TEST_STEP][PASSED] - click(findTestObject("Object Repository/micro staging/Page_Olay Holiday Program/mat-panel-title_How many rewards can I get")): Object: 'Object Repository/micro staging/Page_Olay Holiday Program/mat-panel-title_How many rewards can I get' is clicked on

2021-12-16 11:01:29 - [MESSAGE][PASSED] - Object: 'Object Repository/micro staging/Page_Olay Holiday Program/mat-panel-title_How many rewards can I get' is clicked on

2021-12-16 11:01:29 - [TEST_STEP][PASSED] - click(findTestObject("Object Repository/micro staging/Page_Olay Holiday Program/mat-expansion-panel-header_How many rewards_bc8fb6")): Object: 'Object Repository/micro staging/Page_Olay Holiday Program/mat-expansion-panel-header_How many rewards_bc8fb6' is clicked on

2021-12-16 11:01:29 - [MESSAGE][PASSED] - Object: 'Object Repository/micro staging/Page_Olay Holiday Program/mat-expansion-panel-header_How many rewards_bc8fb6' is clicked on

2021-12-16 11:01:29 - [TEST_STEP][PASSED] - click(findTestObject("Object Repository/micro staging/Page_Olay Holiday Program/mat-panel-title_Do I have to purchase all 2_69426f")): Object: 'Object Repository/micro staging/Page_Olay Holiday Program/mat-panel-title_Do I have to purchase all 2_69426f' is clicked on

2021-12-16 11:01:29 - [MESSAGE][PASSED] - Object: 'Object Repository/micro staging/Page_Olay Holiday Program/mat-panel-title_Do I have to purchase all 2_69426f' is clicked on

2021-12-16 11:01:29 - [TEST_STEP][PASSED] - click(findTestObject("Object Repository/micro staging/Page_Olay Holiday Program/mat-panel-title_Do I have to purchase all 2_69426f")): Object: 'Object Repository/micro staging/Page_Olay Holiday Program/mat-panel-title_Do I have to purchase all 2_69426f' is clicked on

2021-12-16 11:01:30 - [MESSAGE][PASSED] - Object: 'Object Repository/micro staging/Page_Olay Holiday Program/mat-panel-title_Do I have to purchase all 2_69426f' is clicked on

2021-12-16 11:01:30 - [TEST_STEP][PASSED] - click(findTestObject("Object Repository/micro staging/Page_Olay Holiday Program/mat-panel-title_What do I do if I have addi_73fec4")): Object: 'Object Repository/micro staging/Page_Olay Holiday Program/mat-panel-title_What do I do if I have addi_73fec4' is clicked on

2021-12-16 11:01:30 - [MESSAGE][PASSED] - Object: 'Object Repository/micro staging/Page_Olay Holiday Program/mat-panel-title_What do I do if I have addi_73fec4' is clicked on

2021-12-16 11:01:30 - [TEST_STEP][PASSED] - click(findTestObject("Object Repository/micro staging/Page_Olay Holiday Program/mat-panel-title_What do I do if I have addi_73fec4")): Object: 'Object Repository/micro staging/Page_Olay Holiday Program/mat-panel-title_What do I do if I have addi_73fec4' is clicked on

2021-12-16 11:01:30 - [MESSAGE][PASSED] - Object: 'Object Repository/micro staging/Page_Olay Holiday Program/mat-panel-title_What do I do if I have addi_73fec4' is clicked on

2021-12-16 11:01:30 - [TEST_STEP][PASSED] - closeBrowser(): Browser is closed

2021-12-16 11:01:30 - [MESSAGE][PASSED] - Browser is closed]]></system-out>
         <system-err><![CDATA[]]></system-err>
      </testcase>
      <system-out><![CDATA[2021-12-16 10:59:49 - [TEST_SUITE][PASSED] - Microsite olay: Test Cases/microsite staging/FAQ/Tc-1]]></system-out>
      <system-err><![CDATA[]]></system-err>
   </testsuite>
</testsuites>
